Determining if the pthread_create exist failed with the following output:
Change Dir: /home/bjork/BurritoSwarm/flight_code/ROS/build/mavros_extras/CMakeFiles/CMakeTmp

Run Build Command:/usr/bin/make "cmTryCompileExec1701536297/fast"
/usr/bin/make -f CMakeFiles/cmTryCompileExec1701536297.dir/build.make CMakeFiles/cmTryCompileExec1701536297.dir/build
make[1]: Entering directory `/home/bjork/BurritoSwarm/flight_code/ROS/build/mavros_extras/CMakeFiles/CMakeTmp'
/usr/bin/cmake -E cmake_progress_report /home/bjork/BurritoSwarm/flight_code/ROS/build/mavros_extras/CMakeFiles/CMakeTmp/CMakeFiles 1
Building C object CMakeFiles/cmTryCompileExec1701536297.dir/CheckSymbolExists.c.o
/usr/bin/cc    -o CMakeFiles/cmTryCompileExec1701536297.dir/CheckSymbolExists.c.o   -c /home/bjork/BurritoSwarm/flight_code/ROS/build/mavros_extras/CMakeFiles/CMakeTmp/CheckSymbolExists.c
Linking C executable cmTryCompileExec1701536297
/usr/bin/cmake -E cmake_link_script CMakeFiles/cmTryCompileExec1701536297.dir/link.txt --verbose=1
/usr/bin/cc       CMakeFiles/cmTryCompileExec1701536297.dir/CheckSymbolExists.c.o  -o cmTryCompileExec1701536297 -rdynamic 
CMakeFiles/cmTryCompileExec1701536297.dir/CheckSymbolExists.c.o: In function `main':
CheckSymbolExists.c:(.text+0x16): undefined reference to `pthread_create'
collect2: error: ld returned 1 exit status
make[1]: *** [cmTryCompileExec1701536297] Error 1
make[1]: Leaving directory `/home/bjork/BurritoSwarm/flight_code/ROS/build/mavros_extras/CMakeFiles/CMakeTmp'
make: *** [cmTryCompileExec1701536297/fast] Error 2

File /home/bjork/BurritoSwarm/flight_code/ROS/build/mavros_extras/CMakeFiles/CMakeTmp/CheckSymbolExists.c:
/* */
#include <pthread.h>

int main(int argc, char** argv)
{
  (void)argv;
#ifndef pthread_create
  return ((int*)(&pthread_create))[argc];
#else
  (void)argc;
  return 0;
#endif
}

Determining if the function pthread_create exists in the pthreads failed with the following output:
Change Dir: /home/bjork/BurritoSwarm/flight_code/ROS/build/mavros_extras/CMakeFiles/CMakeTmp

Run Build Command:/usr/bin/make "cmTryCompileExec2153406150/fast"
/usr/bin/make -f CMakeFiles/cmTryCompileExec2153406150.dir/build.make CMakeFiles/cmTryCompileExec2153406150.dir/build
make[1]: Entering directory `/home/bjork/BurritoSwarm/flight_code/ROS/build/mavros_extras/CMakeFiles/CMakeTmp'
/usr/bin/cmake -E cmake_progress_report /home/bjork/BurritoSwarm/flight_code/ROS/build/mavros_extras/CMakeFiles/CMakeTmp/CMakeFiles 1
Building C object CMakeFiles/cmTryCompileExec2153406150.dir/CheckFunctionExists.c.o
/usr/bin/cc   -DCHECK_FUNCTION_EXISTS=pthread_create   -o CMakeFiles/cmTryCompileExec2153406150.dir/CheckFunctionExists.c.o   -c /usr/share/cmake-2.8/Modules/CheckFunctionExists.c
Linking C executable cmTryCompileExec2153406150
/usr/bin/cmake -E cmake_link_script CMakeFiles/cmTryCompileExec2153406150.dir/link.txt --verbose=1
/usr/bin/cc   -DCHECK_FUNCTION_EXISTS=pthread_create    CMakeFiles/cmTryCompileExec2153406150.dir/CheckFunctionExists.c.o  -o cmTryCompileExec2153406150 -rdynamic -lpthreads 
/usr/bin/ld: cannot find -lpthreads
collect2: error: ld returned 1 exit status
make[1]: Leaving directory `/home/bjork/BurritoSwarm/flight_code/ROS/build/mavros_extras/CMakeFiles/CMakeTmp'
make[1]: *** [cmTryCompileExec2153406150] Error 1
make: *** [cmTryCompileExec2153406150/fast] Error 2


