Determining if the pthread_create exist failed with the following output:
Change Dir: /home/bjork/BurritoSwarm/flight_code/ROS/build/mavros/CMakeFiles/CMakeTmp

Run Build Command:/usr/bin/make "cmTryCompileExec1717610772/fast"
/usr/bin/make -f CMakeFiles/cmTryCompileExec1717610772.dir/build.make CMakeFiles/cmTryCompileExec1717610772.dir/build
make[1]: Entering directory `/home/bjork/BurritoSwarm/flight_code/ROS/build/mavros/CMakeFiles/CMakeTmp'
/usr/bin/cmake -E cmake_progress_report /home/bjork/BurritoSwarm/flight_code/ROS/build/mavros/CMakeFiles/CMakeTmp/CMakeFiles 1
Building C object CMakeFiles/cmTryCompileExec1717610772.dir/CheckSymbolExists.c.o
/usr/bin/cc    -o CMakeFiles/cmTryCompileExec1717610772.dir/CheckSymbolExists.c.o   -c /home/bjork/BurritoSwarm/flight_code/ROS/build/mavros/CMakeFiles/CMakeTmp/CheckSymbolExists.c
Linking C executable cmTryCompileExec1717610772
/usr/bin/cmake -E cmake_link_script CMakeFiles/cmTryCompileExec1717610772.dir/link.txt --verbose=1
/usr/bin/cc       CMakeFiles/cmTryCompileExec1717610772.dir/CheckSymbolExists.c.o  -o cmTryCompileExec1717610772 -rdynamic 
CMakeFiles/cmTryCompileExec1717610772.dir/CheckSymbolExists.c.o: In function `main':
CheckSymbolExists.c:(.text+0x16): undefined reference to `pthread_create'
collect2: error: ld returned 1 exit status
make[1]: *** [cmTryCompileExec1717610772] Error 1
make[1]: Leaving directory `/home/bjork/BurritoSwarm/flight_code/ROS/build/mavros/CMakeFiles/CMakeTmp'
make: *** [cmTryCompileExec1717610772/fast] Error 2

File /home/bjork/BurritoSwarm/flight_code/ROS/build/mavros/CMakeFiles/CMakeTmp/CheckSymbolExists.c:
/* */
#include <pthread.h>

int main(int argc, char** argv)
{
  (void)argv;
#ifndef pthread_create
  return ((int*)(&pthread_create))[argc];
#else
  (void)argc;
  return 0;
#endif
}

Determining if the function pthread_create exists in the pthreads failed with the following output:
Change Dir: /home/bjork/BurritoSwarm/flight_code/ROS/build/mavros/CMakeFiles/CMakeTmp

Run Build Command:/usr/bin/make "cmTryCompileExec56207910/fast"
/usr/bin/make -f CMakeFiles/cmTryCompileExec56207910.dir/build.make CMakeFiles/cmTryCompileExec56207910.dir/build
make[1]: Entering directory `/home/bjork/BurritoSwarm/flight_code/ROS/build/mavros/CMakeFiles/CMakeTmp'
/usr/bin/cmake -E cmake_progress_report /home/bjork/BurritoSwarm/flight_code/ROS/build/mavros/CMakeFiles/CMakeTmp/CMakeFiles 1
Building C object CMakeFiles/cmTryCompileExec56207910.dir/CheckFunctionExists.c.o
/usr/bin/cc   -DCHECK_FUNCTION_EXISTS=pthread_create   -o CMakeFiles/cmTryCompileExec56207910.dir/CheckFunctionExists.c.o   -c /usr/share/cmake-2.8/Modules/CheckFunctionExists.c
Linking C executable cmTryCompileExec56207910
/usr/bin/cmake -E cmake_link_script CMakeFiles/cmTryCompileExec56207910.dir/link.txt --verbose=1
/usr/bin/cc   -DCHECK_FUNCTION_EXISTS=pthread_create    CMakeFiles/cmTryCompileExec56207910.dir/CheckFunctionExists.c.o  -o cmTryCompileExec56207910 -rdynamic -lpthreads 
/usr/bin/ld: cannot find -lpthreads
collect2: error: ld returned 1 exit status
make[1]: *** [cmTryCompileExec56207910] Error 1
make[1]: Leaving directory `/home/bjork/BurritoSwarm/flight_code/ROS/build/mavros/CMakeFiles/CMakeTmp'
make: *** [cmTryCompileExec56207910/fast] Error 2


